[debug] > Exec(early(addDefaultCommands), None, None)
[debug] > Exec(addDefaultCommands, None, None)
[debug] > Exec(early(initialize), None, None)
[debug] > Exec(initialize, None, None)
[debug] > Exec(early(addPluginSbtFile="""C:\Users\avolkov\AppData\Local\Temp\idea2.sbt"""), None, None)
[debug] > Exec(addPluginSbtFile="""C:\Users\avolkov\AppData\Local\Temp\idea2.sbt""", None, None)
[debug] > Exec(boot, None, None)
[debug] > Exec(writeSbtVersion, None, None)
[debug] > Exec(reload, None, None)
[debug] > Exec(sbtStashOnFailure, None, None)
[debug] > Exec(onFailure loadFailed, None, None)
[debug] > Exec(loadp, None, None)
[info] welcome to sbt 1.4.7 (BellSoft Java 11.0.10)
[debug]       Load.loadUnit: plugins took 153.1435ms
[debug]       Load.loadUnit: defsScala took 0.349ms
[debug] [Loading] Scanning directory C:\Users\avolkov\.sbt\1.0\plugins
[debug] [Loading] Found non-root projects 
[debug] [Loading] Done in C:\Users\avolkov\.sbt\1.0\plugins, returning: ()
[debug] deducing auto plugins based on known facts Set(Atom(sbt.plugins.CorePlugin)) and clauses Clauses(List(Clause(Atom(sbt.plugins.JvmPlugin),Set(Atom(sbt.plugins.IvyPlugin))), Clause(Atom(sbt.ScriptedPlugin),Set(Atom(sbt.plugins.JvmPlugin))), Clause(Atom(sbt.plugins.SbtPlugin),Set(Atom(sbt.ScriptedPlugin))), Clause(Atom(sbt.plugins.SemanticdbPlugin),Set(Atom(sbt.plugins.JvmPlugin))), Clause(Atom(sbt.plugins.JUnitXmlReportPlugin),Set(Atom(sbt.plugins.JvmPlugin))), Clause(Atom(sbt.plugins.MiniDependencyTreePlugin),Set(Atom(sbt.plugins.JvmPlugin))), Clause(Atom(sbt.plugins.CorePlugin),Set(Atom(sbt.plugins.IvyPlugin))), Clause(Atom(sbt.plugins.IvyPlugin),Set(Atom(sbt.plugins.JvmPlugin))), Clause(Atom(sbt.plugins.JvmPlugin),Set(Atom(sbt.plugins.SemanticdbPlugin))), Clause(Atom(sbt.plugins.JvmPlugin),Set(Atom(sbt.plugins.JUnitXmlReportPlugin))), Clause(Atom(sbt.plugins.CorePlugin),Set(Atom(sbt.plugins.Giter8TemplatePlugin))), Clause(Atom(sbt.plugins.JvmPlugin),Set(Atom(sbt.plugins.MiniDependencyTreePlugin)))))
[debug]   :: deduced result: Matched(sbt.plugins.CorePlugin,sbt.plugins.Giter8TemplatePlugin,sbt.plugins.IvyPlugin,sbt.plugins.JvmPlugin,sbt.plugins.MiniDependencyTreePlugin,sbt.plugins.JUnitXmlReportPlugin,sbt.plugins.SemanticdbPlugin)
[debug] Plugins.deducer#function took 29.3857 ms
[debug]           Load.resolveProject(global-plugins) took 75.2143ms
[debug]         Load.loadTransitive: finalizeProject(Project(id global-plugins, base: C:\Users\avolkov\.sbt\1.0\plugins, plugins: List(<none>))) took 142.2785ms
[debug] [Loading] Done in C:\Users\avolkov\.sbt\1.0\plugins, returning: (global-plugins)
[debug]       Load.loadUnit: loadedProjectsRaw took 177.7221ms
[debug]       Load.loadUnit: cleanEvalClasses took 0.5417ms
[debug]     Load.loadUnit(file:/C:/Users/avolkov/.sbt/1.0/plugins/, ...) took 344.7337ms
[debug]   Load.apply: load took 810.7262ms
[debug]   Load.apply: resolveProjects took 15.4889ms
[debug]   Load.apply: finalTransforms took 116.9193ms
[debug]   Load.apply: config.delegates took 12.9536ms
[debug]   Load.apply: Def.make(settings)... took 1324.9296ms
[debug]   Load.apply: structureIndex took 180.5352ms
[debug]   Load.apply: mkStreams took 2.8995ms
[info] loading global plugins from C:\Users\avolkov\.sbt\1.0\plugins
[debug] Running task... Cancel: Signal, check cycles: false, forcegc: true
[debug] Load.defaultLoad until apply took 4813.5545ms
[debug]           Load.loadUnit: plugins took 39.9266ms
[debug]           Load.loadUnit: defsScala took 0.0031ms
[debug] [Loading] Scanning directory C:\Users\avolkov\git\scala_copy_hdfs\project
[debug]             Load.loadUnit: mkEval took 11.7853ms
[debug] [Loading] Found non-root projects 
[debug] [Loading] Done in C:\Users\avolkov\git\scala_copy_hdfs\project, returning: ()
[debug] deducing auto plugins based on known facts Set(Atom(sbt.plugins.CorePlugin)) and clauses Clauses(List(Clause(Atom(sbt.plugins.JvmPlugin),Set(Atom(sbt.plugins.IvyPlugin))), Clause(Atom(sbt.ScriptedPlugin),Set(Atom(sbt.plugins.JvmPlugin))), Clause(Atom(sbt.plugins.SbtPlugin),Set(Atom(sbt.ScriptedPlugin))), Clause(Atom(sbt.plugins.SemanticdbPlugin),Set(Atom(sbt.plugins.JvmPlugin))), Clause(Atom(sbt.plugins.JUnitXmlReportPlugin),Set(Atom(sbt.plugins.JvmPlugin))), Clause(Atom(sbt.plugins.MiniDependencyTreePlugin),Set(Atom(sbt.plugins.JvmPlugin))), Clause(Atom(sbt.plugins.CorePlugin),Set(Atom(sbt.plugins.IvyPlugin))), Clause(Atom(sbt.plugins.IvyPlugin),Set(Atom(sbt.plugins.JvmPlugin))), Clause(Atom(sbt.plugins.JvmPlugin),Set(Atom(sbt.plugins.SemanticdbPlugin))), Clause(Atom(sbt.plugins.JvmPlugin),Set(Atom(sbt.plugins.JUnitXmlReportPlugin))), Clause(Atom(sbt.plugins.CorePlugin),Set(Atom(sbt.plugins.Giter8TemplatePlugin))), Clause(Atom(sbt.plugins.JvmPlugin),Set(Atom(sbt.plugins.MiniDependencyTreePlugin)))))
[debug]   :: deduced result: Matched(sbt.plugins.CorePlugin,sbt.plugins.Giter8TemplatePlugin,sbt.plugins.IvyPlugin,sbt.plugins.JvmPlugin,sbt.plugins.MiniDependencyTreePlugin,sbt.plugins.JUnitXmlReportPlugin,sbt.plugins.SemanticdbPlugin)
[debug] Plugins.deducer#function took 2.5811 ms
[info] loading settings for project scala_copy_hdfs-build from assembly.sbt,idea2.sbt ...
[debug]               Load.resolveProject(scala_copy_hdfs-build) took 3.2567ms
[debug]             Load.loadTransitive: finalizeProject(Project(id scala_copy_hdfs-build, base: C:\Users\avolkov\git\scala_copy_hdfs\project, plugins: List(<none>))) took 6.5353ms
[debug] [Loading] Done in C:\Users\avolkov\git\scala_copy_hdfs\project, returning: (scala_copy_hdfs-build)
[debug]           Load.loadUnit: loadedProjectsRaw took 3429.9296ms
[debug]           Load.loadUnit: cleanEvalClasses took 5.2128ms
[debug]         Load.loadUnit(file:/C:/Users/avolkov/git/scala_copy_hdfs/project/, ...) took 3476.8452ms
[debug]       Load.apply: load took 3479.1981ms
[debug]       Load.apply: resolveProjects took 0.0949ms
[debug]       Load.apply: finalTransforms took 12.1159ms
[debug]       Load.apply: config.delegates took 0.3275ms
[debug]       Load.apply: Def.make(settings)... took 115.4096ms
[debug]       Load.apply: structureIndex took 48.2562ms
[debug]       Load.apply: mkStreams took 0.0033ms
[info] loading project definition from C:\Users\avolkov\git\scala_copy_hdfs\project
[debug] Running task... Cancel: Signal, check cycles: false, forcegc: true
[debug]     Load.loadUnit: plugins took 6308.3337ms
[debug]     Load.loadUnit: defsScala took 0.0035ms
[debug] [Loading] Scanning directory C:\Users\avolkov\git\scala_copy_hdfs
[debug]       Load.loadUnit: mkEval took 0.323ms
[debug] [Loading] Found non-root projects 
[debug] [Loading] Done in C:\Users\avolkov\git\scala_copy_hdfs, returning: ()
[debug] deducing auto plugins based on known facts Set(Atom(sbt.plugins.CorePlugin)) and clauses Clauses(List(Clause(Atom(sbt.plugins.JvmPlugin),Set(Atom(sbt.plugins.IvyPlugin))), Clause(Atom(sbt.ScriptedPlugin),Set(Atom(sbt.plugins.JvmPlugin))), Clause(Atom(sbt.plugins.SbtPlugin),Set(Atom(sbt.ScriptedPlugin))), Clause(Atom(sbt.plugins.SemanticdbPlugin),Set(Atom(sbt.plugins.JvmPlugin))), Clause(Atom(sbt.plugins.JUnitXmlReportPlugin),Set(Atom(sbt.plugins.JvmPlugin))), Clause(Atom(sbt.plugins.MiniDependencyTreePlugin),Set(Atom(sbt.plugins.JvmPlugin))), Clause(Atom(sbtassembly.AssemblyPlugin),Set(Atom(sbt.plugins.JvmPlugin))), Clause(Atom(org.jetbrains.sbt.StructurePlugin),Set(Atom(sbt.plugins.JvmPlugin))), Clause(Atom(org.jetbrains.sbt.IdeaShellPlugin),Set(Atom(sbt.plugins.JvmPlugin))), Clause(Atom(org.jetbrains.sbt.indices.SbtIntellijIndicesPlugin),Set(Atom(sbt.plugins.JvmPlugin))), Clause(Atom(sbt.plugins.CorePlugin),Set(Atom(sbt.plugins.IvyPlugin))), Clause(Atom(sbt.plugins.IvyPlugin),Set(Atom(sbt.plugins.JvmPlugin))), Clause(Atom(sbt.plugins.JvmPlugin),Set(Atom(sbt.plugins.SemanticdbPlugin))), Clause(Atom(sbt.plugins.JvmPlugin),Set(Atom(sbt.plugins.JUnitXmlReportPlugin))), Clause(Atom(sbt.plugins.CorePlugin),Set(Atom(sbt.plugins.Giter8TemplatePlugin))), Clause(Atom(sbt.plugins.JvmPlugin),Set(Atom(sbt.plugins.MiniDependencyTreePlugin))), Clause(Atom(sbt.plugins.JvmPlugin),Set(Atom(sbtassembly.AssemblyPlugin))), Clause(Atom(sbt.plugins.JvmPlugin),Set(Atom(org.jetbrains.sbt.StructurePlugin))), Clause(Atom(sbt.plugins.JvmPlugin),Set(Atom(org.jetbrains.sbt.IdeaShellPlugin))), Clause(And(Set(Atom(sbt.plugins.CorePlugin), Atom(sbt.plugins.JvmPlugin))),Set(Atom(org.jetbrains.sbt.indices.SbtIntellijIndicesPlugin)))))
[debug]   :: deduced result: Matched(sbt.plugins.CorePlugin,sbt.plugins.Giter8TemplatePlugin,sbt.plugins.IvyPlugin,sbt.plugins.JvmPlugin,sbt.plugins.SemanticdbPlugin,org.jetbrains.sbt.indices.SbtIntellijIndicesPlugin,sbt.plugins.JUnitXmlReportPlugin,sbtassembly.AssemblyPlugin,org.jetbrains.sbt.IdeaShellPlugin,org.jetbrains.sbt.StructurePlugin,sbt.plugins.MiniDependencyTreePlugin)
[debug] Plugins.deducer#function took 1.7501 ms
[info] loading settings for project scala_copy_hdfs from build.sbt ...
[debug]         Load.resolveProject(scala_copy_hdfs) took 93.6263ms
[debug]       Load.loadTransitive: finalizeProject(Project(id scala_copy_hdfs, base: C:\Users\avolkov\git\scala_copy_hdfs, plugins: List(<none>))) took 96.406ms
[debug] [Loading] Done in C:\Users\avolkov\git\scala_copy_hdfs, returning: (scala_copy_hdfs)
[debug]     Load.loadUnit: loadedProjectsRaw took 1836.3024ms
[debug]     Load.loadUnit: cleanEvalClasses took 19.2715ms
[debug]   Load.loadUnit(file:/C:/Users/avolkov/git/scala_copy_hdfs/, ...) took 8165.0038ms
[debug] Load.apply: load took 8168.2583ms
[debug] Load.apply: resolveProjects took 0.3308ms
[debug] Load.apply: finalTransforms took 43.2298ms
[debug] Load.apply: config.delegates took 0.3062ms
[debug] Load.apply: Def.make(settings)... took 103.8327ms
[debug] Load.apply: structureIndex took 35.3441ms
[debug] Load.apply: mkStreams took 0.004ms
[info] set current project to scala_copy_hdfs (in build file:/C:/Users/avolkov/git/scala_copy_hdfs/)
[debug] > Exec(sbtPopOnFailure, None, None)
[debug] > Exec(resumeFromFailure, None, None)
[debug] > Exec(notifyUsersAboutShell, None, None)
[debug] > Exec(iflast shell, None, None)
[debug] > Exec(; set ideaPort in Global := 49969 ; idea-shell, None, None)
[debug] > Exec(set ideaPort in Global := 49969, None, None)
[info] Defining Global / ideaPort
[info] The new value will be used by Compile / compile, Test / compile
[debug] Defining 
[debug] 	Global / ideaPort
[debug] 
[debug] The new value will be used by 
[debug] 	Compile / compile
[debug] 	Test / compile
[info] Reapplying settings...
[info] set current project to scala_copy_hdfs (in build file:/C:/Users/avolkov/git/scala_copy_hdfs/)
[debug] > Exec(idea-shell, None, None)
