[debug] > Exec(;reload; set _root_.org.jetbrains.sbt.StructureKeys.sbtStructureOptions in Global := "download resolveClassifiers" ;*/*:dumpStructureTo C:/Users/avolkov/AppData/Local/Temp/sbt-structure1.xml; session clear-all ; set ideaPort in Global := 49969, None, None)
[debug] > Exec(reload, None, None)
[debug] > Exec(sbtStashOnFailure, None, None)
[debug] > Exec(onFailure loadFailed, None, None)
[debug] > Exec(loadp, None, None)
[info] welcome to sbt 1.4.7 (BellSoft Java 11.0.10)
[debug]       Load.loadUnit: plugins took 16.4195ms
[debug]       Load.loadUnit: defsScala took 0.0021ms
[debug] [Loading] Scanning directory C:\Users\avolkov\.sbt\1.0\plugins
[debug] [Loading] Found non-root projects 
[debug] [Loading] Done in C:\Users\avolkov\.sbt\1.0\plugins, returning: ()
[debug] deducing auto plugins based on known facts Set(Atom(sbt.plugins.CorePlugin)) and clauses Clauses(List(Clause(Atom(sbt.plugins.JvmPlugin),Set(Atom(sbt.plugins.IvyPlugin))), Clause(Atom(sbt.ScriptedPlugin),Set(Atom(sbt.plugins.JvmPlugin))), Clause(Atom(sbt.plugins.SbtPlugin),Set(Atom(sbt.ScriptedPlugin))), Clause(Atom(sbt.plugins.SemanticdbPlugin),Set(Atom(sbt.plugins.JvmPlugin))), Clause(Atom(sbt.plugins.JUnitXmlReportPlugin),Set(Atom(sbt.plugins.JvmPlugin))), Clause(Atom(sbt.plugins.MiniDependencyTreePlugin),Set(Atom(sbt.plugins.JvmPlugin))), Clause(Atom(sbt.plugins.CorePlugin),Set(Atom(sbt.plugins.IvyPlugin))), Clause(Atom(sbt.plugins.IvyPlugin),Set(Atom(sbt.plugins.JvmPlugin))), Clause(Atom(sbt.plugins.JvmPlugin),Set(Atom(sbt.plugins.SemanticdbPlugin))), Clause(Atom(sbt.plugins.JvmPlugin),Set(Atom(sbt.plugins.JUnitXmlReportPlugin))), Clause(Atom(sbt.plugins.CorePlugin),Set(Atom(sbt.plugins.Giter8TemplatePlugin))), Clause(Atom(sbt.plugins.JvmPlugin),Set(Atom(sbt.plugins.MiniDependencyTreePlugin)))))
[debug]   :: deduced result: Matched(sbt.plugins.CorePlugin,sbt.plugins.Giter8TemplatePlugin,sbt.plugins.IvyPlugin,sbt.plugins.JvmPlugin,sbt.plugins.MiniDependencyTreePlugin,sbt.plugins.JUnitXmlReportPlugin,sbt.plugins.SemanticdbPlugin)
[debug] Plugins.deducer#function took 0.6293 ms
[debug]           Load.resolveProject(global-plugins) took 0.6534ms
[debug]         Load.loadTransitive: finalizeProject(Project(id global-plugins, base: C:\Users\avolkov\.sbt\1.0\plugins, plugins: List(<none>))) took 1.4999ms
[debug] [Loading] Done in C:\Users\avolkov\.sbt\1.0\plugins, returning: (global-plugins)
[debug]       Load.loadUnit: loadedProjectsRaw took 2.3046ms
[debug]       Load.loadUnit: cleanEvalClasses took 0.0047ms
[debug]     Load.loadUnit(file:/C:/Users/avolkov/.sbt/1.0/plugins/, ...) took 20.823ms
[debug]   Load.apply: load took 21.7029ms
[debug]   Load.apply: resolveProjects took 0.0441ms
[debug]   Load.apply: finalTransforms took 2.7183ms
[debug]   Load.apply: config.delegates took 0.1082ms
[debug]   Load.apply: Def.make(settings)... took 51.2153ms
[debug]   Load.apply: structureIndex took 8.5922ms
[debug]   Load.apply: mkStreams took 0.002ms
[info] loading global plugins from C:\Users\avolkov\.sbt\1.0\plugins
[debug] Running task... Cancel: Signal, check cycles: false, forcegc: true
[debug] Forcing garbage collection...
[debug] Load.defaultLoad until apply took 429.0887ms
[debug]           Load.loadUnit: plugins took 15.5092ms
[debug]           Load.loadUnit: defsScala took 0.0017ms
[debug] [Loading] Scanning directory C:\Users\avolkov\git\scala_copy_hdfs\project
[debug]             Load.loadUnit: mkEval took 0.1577ms
[debug] [Loading] Found non-root projects 
[debug] [Loading] Done in C:\Users\avolkov\git\scala_copy_hdfs\project, returning: ()
[debug] deducing auto plugins based on known facts Set(Atom(sbt.plugins.CorePlugin)) and clauses Clauses(List(Clause(Atom(sbt.plugins.JvmPlugin),Set(Atom(sbt.plugins.IvyPlugin))), Clause(Atom(sbt.ScriptedPlugin),Set(Atom(sbt.plugins.JvmPlugin))), Clause(Atom(sbt.plugins.SbtPlugin),Set(Atom(sbt.ScriptedPlugin))), Clause(Atom(sbt.plugins.SemanticdbPlugin),Set(Atom(sbt.plugins.JvmPlugin))), Clause(Atom(sbt.plugins.JUnitXmlReportPlugin),Set(Atom(sbt.plugins.JvmPlugin))), Clause(Atom(sbt.plugins.MiniDependencyTreePlugin),Set(Atom(sbt.plugins.JvmPlugin))), Clause(Atom(sbt.plugins.CorePlugin),Set(Atom(sbt.plugins.IvyPlugin))), Clause(Atom(sbt.plugins.IvyPlugin),Set(Atom(sbt.plugins.JvmPlugin))), Clause(Atom(sbt.plugins.JvmPlugin),Set(Atom(sbt.plugins.SemanticdbPlugin))), Clause(Atom(sbt.plugins.JvmPlugin),Set(Atom(sbt.plugins.JUnitXmlReportPlugin))), Clause(Atom(sbt.plugins.CorePlugin),Set(Atom(sbt.plugins.Giter8TemplatePlugin))), Clause(Atom(sbt.plugins.JvmPlugin),Set(Atom(sbt.plugins.MiniDependencyTreePlugin)))))
[debug]   :: deduced result: Matched(sbt.plugins.CorePlugin,sbt.plugins.Giter8TemplatePlugin,sbt.plugins.IvyPlugin,sbt.plugins.JvmPlugin,sbt.plugins.MiniDependencyTreePlugin,sbt.plugins.JUnitXmlReportPlugin,sbt.plugins.SemanticdbPlugin)
[debug] Plugins.deducer#function took 0.7403 ms
[info] loading settings for project scala_copy_hdfs-build from assembly.sbt,idea1.sbt ...
[debug]               Load.resolveProject(scala_copy_hdfs-build) took 3.1101ms
[debug]             Load.loadTransitive: finalizeProject(Project(id scala_copy_hdfs-build, base: C:\Users\avolkov\git\scala_copy_hdfs\project, plugins: List(<none>))) took 4.1309ms
[debug] [Loading] Done in C:\Users\avolkov\git\scala_copy_hdfs\project, returning: (scala_copy_hdfs-build)
[debug]           Load.loadUnit: loadedProjectsRaw took 21.8704ms
[debug]           Load.loadUnit: cleanEvalClasses took 1.4675ms
[debug]         Load.loadUnit(file:/C:/Users/avolkov/git/scala_copy_hdfs/project/, ...) took 39.3235ms
[debug]       Load.apply: load took 40.3956ms
[debug]       Load.apply: resolveProjects took 0.0641ms
[debug]       Load.apply: finalTransforms took 2.9728ms
[debug]       Load.apply: config.delegates took 0.1371ms
[debug]       Load.apply: Def.make(settings)... took 79.201ms
[debug]       Load.apply: structureIndex took 18.8421ms
[debug]       Load.apply: mkStreams took 0.003ms
[info] loading project definition from C:\Users\avolkov\git\scala_copy_hdfs\project
[debug] Running task... Cancel: Signal, check cycles: false, forcegc: true
[debug]     Load.loadUnit: plugins took 330.8953ms
[debug]     Load.loadUnit: defsScala took 0.0018ms
[debug] [Loading] Scanning directory C:\Users\avolkov\git\scala_copy_hdfs
[debug]       Load.loadUnit: mkEval took 0.1874ms
[debug] [Loading] Found non-root projects 
[debug] [Loading] Done in C:\Users\avolkov\git\scala_copy_hdfs, returning: ()
[debug] deducing auto plugins based on known facts Set(Atom(sbt.plugins.CorePlugin)) and clauses Clauses(List(Clause(Atom(sbt.plugins.JvmPlugin),Set(Atom(sbt.plugins.IvyPlugin))), Clause(Atom(sbt.ScriptedPlugin),Set(Atom(sbt.plugins.JvmPlugin))), Clause(Atom(sbt.plugins.SbtPlugin),Set(Atom(sbt.ScriptedPlugin))), Clause(Atom(sbt.plugins.SemanticdbPlugin),Set(Atom(sbt.plugins.JvmPlugin))), Clause(Atom(sbt.plugins.JUnitXmlReportPlugin),Set(Atom(sbt.plugins.JvmPlugin))), Clause(Atom(sbt.plugins.MiniDependencyTreePlugin),Set(Atom(sbt.plugins.JvmPlugin))), Clause(Atom(sbtassembly.AssemblyPlugin),Set(Atom(sbt.plugins.JvmPlugin))), Clause(Atom(org.jetbrains.sbt.StructurePlugin),Set(Atom(sbt.plugins.JvmPlugin))), Clause(Atom(org.jetbrains.sbt.IdeaShellPlugin),Set(Atom(sbt.plugins.JvmPlugin))), Clause(Atom(org.jetbrains.sbt.indices.SbtIntellijIndicesPlugin),Set(Atom(sbt.plugins.JvmPlugin))), Clause(Atom(sbt.plugins.CorePlugin),Set(Atom(sbt.plugins.IvyPlugin))), Clause(Atom(sbt.plugins.IvyPlugin),Set(Atom(sbt.plugins.JvmPlugin))), Clause(Atom(sbt.plugins.JvmPlugin),Set(Atom(sbt.plugins.SemanticdbPlugin))), Clause(Atom(sbt.plugins.JvmPlugin),Set(Atom(sbt.plugins.JUnitXmlReportPlugin))), Clause(Atom(sbt.plugins.CorePlugin),Set(Atom(sbt.plugins.Giter8TemplatePlugin))), Clause(Atom(sbt.plugins.JvmPlugin),Set(Atom(sbt.plugins.MiniDependencyTreePlugin))), Clause(Atom(sbt.plugins.JvmPlugin),Set(Atom(sbtassembly.AssemblyPlugin))), Clause(Atom(sbt.plugins.JvmPlugin),Set(Atom(org.jetbrains.sbt.StructurePlugin))), Clause(Atom(sbt.plugins.JvmPlugin),Set(Atom(org.jetbrains.sbt.IdeaShellPlugin))), Clause(And(Set(Atom(sbt.plugins.CorePlugin), Atom(sbt.plugins.JvmPlugin))),Set(Atom(org.jetbrains.sbt.indices.SbtIntellijIndicesPlugin)))))
[debug]   :: deduced result: Matched(sbt.plugins.CorePlugin,sbt.plugins.Giter8TemplatePlugin,sbt.plugins.IvyPlugin,sbt.plugins.JvmPlugin,sbt.plugins.SemanticdbPlugin,org.jetbrains.sbt.indices.SbtIntellijIndicesPlugin,sbt.plugins.JUnitXmlReportPlugin,sbtassembly.AssemblyPlugin,org.jetbrains.sbt.IdeaShellPlugin,org.jetbrains.sbt.StructurePlugin,sbt.plugins.MiniDependencyTreePlugin)
[debug] Plugins.deducer#function took 0.8239 ms
[info] loading settings for project scala_copy_hdfs from build.sbt ...
[debug]         Load.resolveProject(scala_copy_hdfs) took 65.3651ms
[debug]       Load.loadTransitive: finalizeProject(Project(id scala_copy_hdfs, base: C:\Users\avolkov\git\scala_copy_hdfs, plugins: List(<none>))) took 66.452ms
[debug] [Loading] Done in C:\Users\avolkov\git\scala_copy_hdfs, returning: (scala_copy_hdfs)
[debug]     Load.loadUnit: loadedProjectsRaw took 145.6854ms
[debug]     Load.loadUnit: cleanEvalClasses took 3.719ms
[debug]   Load.loadUnit(file:/C:/Users/avolkov/git/scala_copy_hdfs/, ...) took 480.5249ms
[debug] Load.apply: load took 481.441ms
[debug] Load.apply: resolveProjects took 0.0507ms
[debug] Load.apply: finalTransforms took 32.0622ms
[debug] Load.apply: config.delegates took 0.337ms
[debug] Load.apply: Def.make(settings)... took 38.4054ms
[debug] Load.apply: structureIndex took 7.5981ms
[debug] Load.apply: mkStreams took 0.0015ms
[warn] Discarding 1 session setting.  Use 'session save' to persist session settings.
[info] set current project to scala_copy_hdfs (in build file:/C:/Users/avolkov/git/scala_copy_hdfs/)
[debug] > Exec(sbtPopOnFailure, None, None)
[debug] > Exec(resumeFromFailure, None, None)
[debug] > Exec(set _root_.org.jetbrains.sbt.StructureKeys.sbtStructureOptions in Global := "download resolveClassifiers", None, None)
[info] Defining Global / sbtStructureOptions
[info] The new value will be used by Global / ssOptions
[debug] Defining 
[debug] 	Global / sbtStructureOptions
[debug] 
[debug] The new value will be used by 
[debug] 	Global / ssOptions
[info] Reapplying settings...
[info] set current project to scala_copy_hdfs (in build file:/C:/Users/avolkov/git/scala_copy_hdfs/)
[debug] > Exec(*/*:dumpStructureTo C:/Users/avolkov/AppData/Local/Temp/sbt-structure1.xml, None, None)
[debug] Evaluating tasks: Global / dumpStructureTo
[debug] Running task... Cancel: Signal, check cycles: false, forcegc: true
[warn] 
[warn] 	Note: Some unresolved dependencies have extra attributes.  Check that these dependencies exist with the requested attributes.
[warn] 		org.apache.hadoop:hadoop-client:3.2.2 (sbtVersion=1.0, scalaVersion=2.12)
[warn] 
[warn] 	Note: Unresolved dependencies path:
[error] sbt.librarymanagement.ResolveException: Error downloading org.apache.hadoop:hadoop-client;sbtVersion=1.0;scalaVersion=2.12:3.2.2
[error]   Not found
[error]   Not found
[error]   not found: C:\Users\avolkov\.ivy2\localorg.apache.hadoop\hadoop-client\scala_2.12\sbt_1.0\3.2.2\ivys\ivy.xml
[error]   not found: https://repo1.maven.org/maven2/org/apache/hadoop/hadoop-client_2.12_1.0/3.2.2/hadoop-client-3.2.2.pom
[error] 	at lmcoursier.CoursierDependencyResolution.unresolvedWarningOrThrow(CoursierDependencyResolution.scala:258)
[error] 	at lmcoursier.CoursierDependencyResolution.$anonfun$update$38(CoursierDependencyResolution.scala:227)
[error] 	at scala.util.Either$LeftProjection.map(Either.scala:573)
[error] 	at lmcoursier.CoursierDependencyResolution.update(CoursierDependencyResolution.scala:227)
[error] 	at sbt.librarymanagement.DependencyResolution.update(DependencyResolution.scala:60)
[error] 	at sbt.internal.LibraryManagement$.resolve$1(LibraryManagement.scala:53)
[error] 	at sbt.internal.LibraryManagement$.$anonfun$cachedUpdate$12(LibraryManagement.scala:103)
[error] 	at sbt.util.Tracked$.$anonfun$lastOutput$1(Tracked.scala:73)
[error] 	at sbt.internal.LibraryManagement$.$anonfun$cachedUpdate$20(LibraryManagement.scala:116)
[error] 	at scala.util.control.Exception$Catch.apply(Exception.scala:228)
[error] 	at sbt.internal.LibraryManagement$.$anonfun$cachedUpdate$11(LibraryManagement.scala:116)
[error] 	at sbt.internal.LibraryManagement$.$anonfun$cachedUpdate$11$adapted(LibraryManagement.scala:97)
[error] 	at sbt.util.Tracked$.$anonfun$inputChangedW$1(Tracked.scala:219)
[error] 	at sbt.internal.LibraryManagement$.cachedUpdate(LibraryManagement.scala:130)
[error] 	at sbt.Classpaths$.$anonfun$updateTask0$5(Defaults.scala:3486)
[error] 	at scala.Function1.$anonfun$compose$1(Function1.scala:49)
[error] 	at sbt.internal.util.$tilde$greater.$anonfun$$u2219$1(TypeFunctions.scala:62)
[error] 	at sbt.std.Transform$$anon$4.work(Transform.scala:68)
[error] 	at sbt.Execute.$anonfun$submit$2(Execute.scala:282)
[error] 	at sbt.internal.util.ErrorHandling$.wideConvert(ErrorHandling.scala:23)
[error] 	at sbt.Execute.work(Execute.scala:291)
[error] 	at sbt.Execute.$anonfun$submit$1(Execute.scala:282)
[error] 	at sbt.ConcurrentRestrictions$$anon$4.$anonfun$submitValid$1(ConcurrentRestrictions.scala:265)
[error] 	at sbt.CompletionService$$anon$2.call(CompletionService.scala:64)
[error] 	at java.base/java.util.concurrent.FutureTask.run(FutureTask.java:264)
[error] 	at java.base/java.util.concurrent.Executors$RunnableAdapter.call(Executors.java:515)
[error] 	at java.base/java.util.concurrent.FutureTask.run(FutureTask.java:264)
[error] 	at java.base/java.util.concurrent.ThreadPoolExecutor.runWorker(ThreadPoolExecutor.java:1128)
[error] 	at java.base/java.util.concurrent.ThreadPoolExecutor$Worker.run(ThreadPoolExecutor.java:628)
[error] 	at java.base/java.lang.Thread.run(Thread.java:834)
[error] sbt.librarymanagement.ResolveException: Error downloading org.apache.hadoop:hadoop-client;sbtVersion=1.0;scalaVersion=2.12:3.2.2
[error]   Not found
[error]   Not found
[error]   not found: C:\Users\avolkov\.ivy2\localorg.apache.hadoop\hadoop-client\scala_2.12\sbt_1.0\3.2.2\ivys\ivy.xml
[error]   not found: https://repo1.maven.org/maven2/org/apache/hadoop/hadoop-client_2.12_1.0/3.2.2/hadoop-client-3.2.2.pom
[error] 	at lmcoursier.CoursierDependencyResolution.unresolvedWarningOrThrow(CoursierDependencyResolution.scala:258)
[error] 	at lmcoursier.CoursierDependencyResolution.$anonfun$update$38(CoursierDependencyResolution.scala:227)
[error] 	at scala.util.Either$LeftProjection.map(Either.scala:573)
[error] 	at lmcoursier.CoursierDependencyResolution.update(CoursierDependencyResolution.scala:227)
[error] 	at sbt.librarymanagement.DependencyResolution.update(DependencyResolution.scala:60)
[error] 	at sbt.internal.LibraryManagement$.resolve$1(LibraryManagement.scala:53)
[error] 	at sbt.internal.LibraryManagement$.$anonfun$cachedUpdate$12(LibraryManagement.scala:103)
[error] 	at sbt.util.Tracked$.$anonfun$lastOutput$1(Tracked.scala:73)
[error] 	at sbt.internal.LibraryManagement$.$anonfun$cachedUpdate$20(LibraryManagement.scala:116)
[error] 	at scala.util.control.Exception$Catch.apply(Exception.scala:228)
[error] 	at sbt.internal.LibraryManagement$.$anonfun$cachedUpdate$11(LibraryManagement.scala:116)
[error] 	at sbt.internal.LibraryManagement$.$anonfun$cachedUpdate$11$adapted(LibraryManagement.scala:97)
[error] 	at sbt.util.Tracked$.$anonfun$inputChangedW$1(Tracked.scala:219)
[error] 	at sbt.internal.LibraryManagement$.cachedUpdate(LibraryManagement.scala:130)
[error] 	at sbt.Classpaths$.$anonfun$updateTask0$5(Defaults.scala:3486)
[error] 	at scala.Function1.$anonfun$compose$1(Function1.scala:49)
[error] 	at sbt.internal.util.$tilde$greater.$anonfun$$u2219$1(TypeFunctions.scala:62)
[error] 	at sbt.std.Transform$$anon$4.work(Transform.scala:68)
[error] 	at sbt.Execute.$anonfun$submit$2(Execute.scala:282)
[error] 	at sbt.internal.util.ErrorHandling$.wideConvert(ErrorHandling.scala:23)
[error] 	at sbt.Execute.work(Execute.scala:291)
[error] 	at sbt.Execute.$anonfun$submit$1(Execute.scala:282)
[error] 	at sbt.ConcurrentRestrictions$$anon$4.$anonfun$submitValid$1(ConcurrentRestrictions.scala:265)
[error] 	at sbt.CompletionService$$anon$2.call(CompletionService.scala:64)
[error] 	at java.base/java.util.concurrent.FutureTask.run(FutureTask.java:264)
[error] 	at java.base/java.util.concurrent.Executors$RunnableAdapter.call(Executors.java:515)
[error] 	at java.base/java.util.concurrent.FutureTask.run(FutureTask.java:264)
[error] 	at java.base/java.util.concurrent.ThreadPoolExecutor.runWorker(ThreadPoolExecutor.java:1128)
[error] 	at java.base/java.util.concurrent.ThreadPoolExecutor$Worker.run(ThreadPoolExecutor.java:628)
[error] 	at java.base/java.lang.Thread.run(Thread.java:834)
[error] (update) sbt.librarymanagement.ResolveException: Error downloading org.apache.hadoop:hadoop-client;sbtVersion=1.0;scalaVersion=2.12:3.2.2
[error]   Not found
[error]   Not found
[error]   not found: C:\Users\avolkov\.ivy2\localorg.apache.hadoop\hadoop-client\scala_2.12\sbt_1.0\3.2.2\ivys\ivy.xml
[error]   not found: https://repo1.maven.org/maven2/org/apache/hadoop/hadoop-client_2.12_1.0/3.2.2/hadoop-client-3.2.2.pom
[error] (ssExtractDependencies) sbt.librarymanagement.ResolveException: Error downloading org.apache.hadoop:hadoop-client;sbtVersion=1.0;scalaVersion=2.12:3.2.2
[error]   Not found
[error]   Not found
[error]   not found: C:\Users\avolkov\.ivy2\localorg.apache.hadoop\hadoop-client\scala_2.12\sbt_1.0\3.2.2\ivys\ivy.xml
[error]   not found: https://repo1.maven.org/maven2/org/apache/hadoop/hadoop-client_2.12_1.0/3.2.2/hadoop-client-3.2.2.pom
[error] Total time: 1 s, completed 30 мар. 2021 г., 21:41:11
[debug] > Exec(idea-shell, None, None)
[debug] > Exec(, None, None)
[debug] > Exec(idea-shell, None, None)
